block found line: 26
[0;95mloop properly
[0m[0;95mloop properly
[0mnumber of server = 1
[0;96m**************************************************************
*   Server Name:	max.com         
*        Listen:	8080	8088	
*          Host:	127.0.0.1
*   Error Pages:	400-www/errors/404.html
*   Error Pages:	403-www/errors/404.html
*   Error Pages:	404-www/errors/404.html
*   Error Pages:	405-www/errors/404.html
*         Index:	index.html
* Max Body Size:	1
**************************************************************
[0m

[0;93mLocation numero: [1]
[0m[0;95m*****************************************
Location:	/images
Root:	/bonus
Index:	
Dir Listing:	off
Redirection:	301 /html/index.html
Methods:	DELETE	
Uplaod:		off
Upload Path:	
*****************************************
[0m

[0;93mLocation numero: [2]
[0m[0;95m*****************************************
Location:	/
Root:	./bonus
Index:	index.html
Dir Listing:	on
Methods:	GET	POST	
Uplaod:		off
Upload Path:	
*****************************************
[0m



[0;92mServer fd added: 4[0m
 EVENT FD = 4
[0;93mClient connected on fd: 5[0m
 EVENT FD = 5
N = 540
------------------------------
GET /upload.html HTTP/1.1
------------------------------
HTTP/1.1 200 OK
 EVENT FD = 5
N = 451
------------------------------
GET /css/style.css HTTP/1.1
------------------------------
HTTP/1.1 200 OK
 EVENT FD = 4
[0;93mClient connected on fd: 6[0m
 EVENT FD = 6
N = 417
------------------------------
GET /color.js HTTP/1.1
------------------------------
HTTP/1.1 200 OK
 EVENT FD = 4
[0;93mClient connected on fd: 7[0m
 EVENT FD = 4
[0;93mClient connected on fd: 8[0m
 EVENT FD = 7
N = 416
------------------------------
GET /menu.js HTTP/1.1
------------------------------
HTTP/1.1 200 OK
 EVENT FD = 6
N = 419
------------------------------
GET /welcome.js HTTP/1.1
------------------------------
HTTP/1.1 200 OK
 EVENT FD = 6
N = 428
------------------------------
GET /nav.html HTTP/1.1
------------------------------
HTTP/1.1 200 OK
 EVENT FD = 8
N = 0
 EVENT FD = 5
N = 50000
------------------------------
POST /process/cgi/post/registration.py HTTP/1.1
------------------------------
 ---------------------------------  DATA  -----------------------------------
Accept: text/html,application/xhtml+xml,application/xml;q=0.9,*/*;q=0.8
Accept-Encoding: gzip, deflate, br, zstd
Accept-Language: fr,fr-FR;q=0.8,en-US;q=0.5,en;q=0.3
Connection: keep-alive
Content-Length: 10206515
Content-Type: multipart/form-data; boundary=----geckoformboundarya946e4674d4210fdda37129a746fb0ec
Cookie: couleur=Vert
Host: 127.0.0.1:8080
Origin: http://127.0.0.1:8080
Priority: u=0, i
Referer: http://127.0.0.1:8080/upload.html
Sec-Fetch-Dest: document
Sec-Fetch-Mode: navigate
Sec-Fetch-Site: same-origin
Sec-Fetch-User: ?1
Upgrade-Insecure-Requests: 1
User-Agent: Mozilla/5.0 (X11; Ubuntu; Linux x86_64; rv:137.0) Gecko/20100101 Firefox/137.0
 EVENT FD = 5
 ON RENTRE DANS READ_REMAINING_BODY
N = 50000
 EVENT FD = 5
 ON RENTRE DANS READ_REMAINING_BODY
N = 50000
 EVENT FD = 5
 ON RENTRE DANS READ_REMAINING_BODY
N = 50000
 EVENT FD = 5
 ON RENTRE DANS READ_REMAINING_BODY
N = 50000
 EVENT FD = 5
 ON RENTRE DANS READ_REMAINING_BODY
N = 50000
 EVENT FD = 5
 ON RENTRE DANS READ_REMAINING_BODY
N = 50000
 EVENT FD = 5
 ON RENTRE DANS READ_REMAINING_BODY
N = 50000
 EVENT FD = 5
 ON RENTRE DANS READ_REMAINING_BODY
N = 50000
 EVENT FD = 5
 ON RENTRE DANS READ_REMAINING_BODY
N = 50000
 EVENT FD = 5
 ON RENTRE DANS READ_REMAINING_BODY
N = 50000
 EVENT FD = 5
 ON RENTRE DANS READ_REMAINING_BODY
N = 50000
 EVENT FD = 5
 ON RENTRE DANS READ_REMAINING_BODY
N = 50000
 EVENT FD = 5
 ON RENTRE DANS READ_REMAINING_BODY
N = 50000
 EVENT FD = 5
 ON RENTRE DANS READ_REMAINING_BODY
N = 50000
 EVENT FD = 5
 ON RENTRE DANS READ_REMAINING_BODY
N = 50000
 EVENT FD = 5
 ON RENTRE DANS READ_REMAINING_BODY
N = 50000
 EVENT FD = 5
 ON RENTRE DANS READ_REMAINING_BODY
N = 50000
 EVENT FD = 5
 ON RENTRE DANS READ_REMAINING_BODY
N = 50000
 EVENT FD = 5
 ON RENTRE DANS READ_REMAINING_BODY
N = 50000
 EVENT FD = 5
 ON RENTRE DANS READ_REMAINING_BODY
N = 50000
 EVENT FD = 5
 ON RENTRE DANS READ_REMAINING_BODY
N = 50000
 EVENT FD = 5
 ON RENTRE DANS READ_REMAINING_BODY
N = 50000
 EVENT FD = 5
 ON RENTRE DANS READ_REMAINING_BODY
N = 50000
 EVENT FD = 5
 ON RENTRE DANS READ_REMAINING_BODY
N = 50000
 EVENT FD = 5
 ON RENTRE DANS READ_REMAINING_BODY
N = 50000
 EVENT FD = 5
 ON RENTRE DANS READ_REMAINING_BODY
N = 50000
 EVENT FD = 5
 ON RENTRE DANS READ_REMAINING_BODY
N = 50000
 EVENT FD = 5
 ON RENTRE DANS READ_REMAINING_BODY
N = 50000
 EVENT FD = 5
 ON RENTRE DANS READ_REMAINING_BODY
N = 50000
 EVENT FD = 5
 ON RENTRE DANS READ_REMAINING_BODY
N = 50000
 EVENT FD = 5
 ON RENTRE DANS READ_REMAINING_BODY
N = 50000
 EVENT FD = 5
 ON RENTRE DANS READ_REMAINING_BODY
N = 50000
 EVENT FD = 5
 ON RENTRE DANS READ_REMAINING_BODY
N = 50000
 EVENT FD = 5
 ON RENTRE DANS READ_REMAINING_BODY
N = 50000
 EVENT FD = 5
 ON RENTRE DANS READ_REMAINING_BODY
N = 50000
 EVENT FD = 5
 ON RENTRE DANS READ_REMAINING_BODY
N = 50000
 EVENT FD = 5
 ON RENTRE DANS READ_REMAINING_BODY
N = 50000
 EVENT FD = 5
 ON RENTRE DANS READ_REMAINING_BODY
N = 50000
 EVENT FD = 5
 ON RENTRE DANS READ_REMAINING_BODY
N = 50000
 EVENT FD = 5
 ON RENTRE DANS READ_REMAINING_BODY
N = 50000
 EVENT FD = 5
 ON RENTRE DANS READ_REMAINING_BODY
N = 50000
 EVENT FD = 5
 ON RENTRE DANS READ_REMAINING_BODY
N = 50000
 EVENT FD = 5
 ON RENTRE DANS READ_REMAINING_BODY
N = 50000
 EVENT FD = 5
 ON RENTRE DANS READ_REMAINING_BODY
N = 50000
 EVENT FD = 5
 ON RENTRE DANS READ_REMAINING_BODY
N = 50000
 EVENT FD = 5
 ON RENTRE DANS READ_REMAINING_BODY
N = 50000
 EVENT FD = 5
 ON RENTRE DANS READ_REMAINING_BODY
N = 50000
 EVENT FD = 5
 ON RENTRE DANS READ_REMAINING_BODY
N = 50000
 EVENT FD = 5
 ON RENTRE DANS READ_REMAINING_BODY
N = 50000
 EVENT FD = 5
 ON RENTRE DANS READ_REMAINING_BODY
N = 50000
 EVENT FD = 5
 ON RENTRE DANS READ_REMAINING_BODY
N = 50000
 EVENT FD = 5
 ON RENTRE DANS READ_REMAINING_BODY
N = 50000
 EVENT FD = 5
 ON RENTRE DANS READ_REMAINING_BODY
N = 50000
 EVENT FD = 5
 ON RENTRE DANS READ_REMAINING_BODY
N = 50000
 EVENT FD = 5
 ON RENTRE DANS READ_REMAINING_BODY
N = 50000
 EVENT FD = 5
 ON RENTRE DANS READ_REMAINING_BODY
N = 50000
 EVENT FD = 5
 ON RENTRE DANS READ_REMAINING_BODY
N = 50000
 EVENT FD = 5
 ON RENTRE DANS READ_REMAINING_BODY
N = 50000
 EVENT FD = 5
 ON RENTRE DANS READ_REMAINING_BODY
N = 50000
 EVENT FD = 5
 ON RENTRE DANS READ_REMAINING_BODY
N = 50000
 EVENT FD = 5
 ON RENTRE DANS READ_REMAINING_BODY
N = 50000
 EVENT FD = 5
 ON RENTRE DANS READ_REMAINING_BODY
N = 50000
 EVENT FD = 5
 ON RENTRE DANS READ_REMAINING_BODY
N = 50000
 EVENT FD = 5
 ON RENTRE DANS READ_REMAINING_BODY
N = 50000
 EVENT FD = 5
 ON RENTRE DANS READ_REMAINING_BODY
N = 50000
 EVENT FD = 5
 ON RENTRE DANS READ_REMAINING_BODY
N = 50000
 EVENT FD = 5
 ON RENTRE DANS READ_REMAINING_BODY
N = 50000
 EVENT FD = 5
 ON RENTRE DANS READ_REMAINING_BODY
N = 50000
 EVENT FD = 5
 ON RENTRE DANS READ_REMAINING_BODY
N = 50000
 EVENT FD = 5
 ON RENTRE DANS READ_REMAINING_BODY
N = 50000
 EVENT FD = 5
 ON RENTRE DANS READ_REMAINING_BODY
N = 50000
 EVENT FD = 5
 ON RENTRE DANS READ_REMAINING_BODY
N = 50000
 EVENT FD = 5
 ON RENTRE DANS READ_REMAINING_BODY
N = 50000
 EVENT FD = 5
 ON RENTRE DANS READ_REMAINING_BODY
N = 50000
 EVENT FD = 5
 ON RENTRE DANS READ_REMAINING_BODY
N = 50000
 EVENT FD = 5
 ON RENTRE DANS READ_REMAINING_BODY
N = 50000
 EVENT FD = 5
 ON RENTRE DANS READ_REMAINING_BODY
N = 50000
 EVENT FD = 5
 ON RENTRE DANS READ_REMAINING_BODY
N = 50000
 EVENT FD = 5
 ON RENTRE DANS READ_REMAINING_BODY
N = 50000
 EVENT FD = 5
 ON RENTRE DANS READ_REMAINING_BODY
N = 50000
 EVENT FD = 5
 ON RENTRE DANS READ_REMAINING_BODY
N = 50000
 EVENT FD = 5
 ON RENTRE DANS READ_REMAINING_BODY
N = 50000
 EVENT FD = 5
 ON RENTRE DANS READ_REMAINING_BODY
N = 50000
 EVENT FD = 5
 ON RENTRE DANS READ_REMAINING_BODY
N = 50000
 EVENT FD = 5
 ON RENTRE DANS READ_REMAINING_BODY
N = 50000
 EVENT FD = 5
 ON RENTRE DANS READ_REMAINING_BODY
N = 50000
 EVENT FD = 5
 ON RENTRE DANS READ_REMAINING_BODY
N = 50000
 EVENT FD = 5
 ON RENTRE DANS READ_REMAINING_BODY
N = 50000
 EVENT FD = 5
 ON RENTRE DANS READ_REMAINING_BODY
N = 50000
 EVENT FD = 5
 ON RENTRE DANS READ_REMAINING_BODY
N = 50000
 EVENT FD = 5
 ON RENTRE DANS READ_REMAINING_BODY
N = 50000
 EVENT FD = 5
 ON RENTRE DANS READ_REMAINING_BODY
N = 50000
 EVENT FD = 5
 ON RENTRE DANS READ_REMAINING_BODY
N = 50000
 EVENT FD = 5
 ON RENTRE DANS READ_REMAINING_BODY
N = 50000
 EVENT FD = 5
 ON RENTRE DANS READ_REMAINING_BODY
N = 50000
 EVENT FD = 5
 ON RENTRE DANS READ_REMAINING_BODY
N = 50000
 EVENT FD = 5
 ON RENTRE DANS READ_REMAINING_BODY
N = 50000
 EVENT FD = 5
 ON RENTRE DANS READ_REMAINING_BODY
N = 50000
 EVENT FD = 5
 ON RENTRE DANS READ_REMAINING_BODY
N = 50000
 EVENT FD = 5
 ON RENTRE DANS READ_REMAINING_BODY
N = 50000
 EVENT FD = 5
 ON RENTRE DANS READ_REMAINING_BODY
N = 50000
 EVENT FD = 5
 ON RENTRE DANS READ_REMAINING_BODY
N = 50000
 EVENT FD = 5
 ON RENTRE DANS READ_REMAINING_BODY
N = 50000
 EVENT FD = 5
 ON RENTRE DANS READ_REMAINING_BODY
N = 50000
 EVENT FD = 5
 ON RENTRE DANS READ_REMAINING_BODY
N = 50000
 EVENT FD = 5
 ON RENTRE DANS READ_REMAINING_BODY
N = 50000
 EVENT FD = 5
 ON RENTRE DANS READ_REMAINING_BODY
N = 50000
 EVENT FD = 5
 ON RENTRE DANS READ_REMAINING_BODY
N = 50000
 EVENT FD = 5
 ON RENTRE DANS READ_REMAINING_BODY
N = 50000
 EVENT FD = 5
 ON RENTRE DANS READ_REMAINING_BODY
N = 50000
 EVENT FD = 5
 ON RENTRE DANS READ_REMAINING_BODY
N = 50000
 EVENT FD = 5
 ON RENTRE DANS READ_REMAINING_BODY
N = 50000
 EVENT FD = 5
 ON RENTRE DANS READ_REMAINING_BODY
N = 50000
 EVENT FD = 5
 ON RENTRE DANS READ_REMAINING_BODY
N = 50000
 EVENT FD = 5
 ON RENTRE DANS READ_REMAINING_BODY
N = 50000
 EVENT FD = 5
 ON RENTRE DANS READ_REMAINING_BODY
N = 50000
 EVENT FD = 5
 ON RENTRE DANS READ_REMAINING_BODY
N = 50000
 EVENT FD = 5
 ON RENTRE DANS READ_REMAINING_BODY
N = 50000
 EVENT FD = 5
 ON RENTRE DANS READ_REMAINING_BODY
N = 50000
 EVENT FD = 5
 ON RENTRE DANS READ_REMAINING_BODY
N = 50000
 EVENT FD = 5
 ON RENTRE DANS READ_REMAINING_BODY
N = 50000
 EVENT FD = 5
 ON RENTRE DANS READ_REMAINING_BODY
N = 50000
 EVENT FD = 5
 ON RENTRE DANS READ_REMAINING_BODY
N = 50000
 EVENT FD = 5
 ON RENTRE DANS READ_REMAINING_BODY
N = 50000
 EVENT FD = 5
 ON RENTRE DANS READ_REMAINING_BODY
N = 50000
 EVENT FD = 5
 ON RENTRE DANS READ_REMAINING_BODY
N = 50000
 EVENT FD = 5
 ON RENTRE DANS READ_REMAINING_BODY
N = 50000
 EVENT FD = 5
 ON RENTRE DANS READ_REMAINING_BODY
N = 50000
 EVENT FD = 5
 ON RENTRE DANS READ_REMAINING_BODY
N = 50000
 EVENT FD = 5
 ON RENTRE DANS READ_REMAINING_BODY
N = 50000
 EVENT FD = 5
 ON RENTRE DANS READ_REMAINING_BODY
N = 50000
 EVENT FD = 5
 ON RENTRE DANS READ_REMAINING_BODY
N = 50000
 EVENT FD = 5
 ON RENTRE DANS READ_REMAINING_BODY
N = 50000
 EVENT FD = 5
 ON RENTRE DANS READ_REMAINING_BODY
N = 50000
 EVENT FD = 5
 ON RENTRE DANS READ_REMAINING_BODY
N = 50000
 EVENT FD = 5
 ON RENTRE DANS READ_REMAINING_BODY
N = 50000
 EVENT FD = 5
 ON RENTRE DANS READ_REMAINING_BODY
N = 50000
 EVENT FD = 5
 ON RENTRE DANS READ_REMAINING_BODY
N = 50000
 EVENT FD = 5
 ON RENTRE DANS READ_REMAINING_BODY
N = 50000
 EVENT FD = 5
 ON RENTRE DANS READ_REMAINING_BODY
N = 50000
 EVENT FD = 5
 ON RENTRE DANS READ_REMAINING_BODY
N = 50000
 EVENT FD = 5
 ON RENTRE DANS READ_REMAINING_BODY
N = 50000
 EVENT FD = 5
 ON RENTRE DANS READ_REMAINING_BODY
N = 50000
 EVENT FD = 5
 ON RENTRE DANS READ_REMAINING_BODY
N = 50000
 EVENT FD = 5
 ON RENTRE DANS READ_REMAINING_BODY
N = 50000
 EVENT FD = 5
 ON RENTRE DANS READ_REMAINING_BODY
N = 50000
 EVENT FD = 5
 ON RENTRE DANS READ_REMAINING_BODY
N = 50000
 EVENT FD = 5
 ON RENTRE DANS READ_REMAINING_BODY
N = 50000
 EVENT FD = 5
 ON RENTRE DANS READ_REMAINING_BODY
N = 50000
 EVENT FD = 5
 ON RENTRE DANS READ_REMAINING_BODY
N = 50000
 EVENT FD = 5
 ON RENTRE DANS READ_REMAINING_BODY
N = 50000
 EVENT FD = 5
 ON RENTRE DANS READ_REMAINING_BODY
N = 50000
 EVENT FD = 5
 ON RENTRE DANS READ_REMAINING_BODY
N = 50000
 EVENT FD = 5
 ON RENTRE DANS READ_REMAINING_BODY
N = 50000
 EVENT FD = 5
 ON RENTRE DANS READ_REMAINING_BODY
N = 50000
 EVENT FD = 5
 ON RENTRE DANS READ_REMAINING_BODY
N = 50000
 EVENT FD = 5
 ON RENTRE DANS READ_REMAINING_BODY
N = 50000
 EVENT FD = 5
 ON RENTRE DANS READ_REMAINING_BODY
N = 50000
 EVENT FD = 5
 ON RENTRE DANS READ_REMAINING_BODY
N = 50000
 EVENT FD = 5
 ON RENTRE DANS READ_REMAINING_BODY
N = 50000
 EVENT FD = 5
 ON RENTRE DANS READ_REMAINING_BODY
N = 50000
 EVENT FD = 5
 ON RENTRE DANS READ_REMAINING_BODY
N = 50000
 EVENT FD = 5
 ON RENTRE DANS READ_REMAINING_BODY
N = 50000
 EVENT FD = 5
 ON RENTRE DANS READ_REMAINING_BODY
N = 50000
 EVENT FD = 5
 ON RENTRE DANS READ_REMAINING_BODY
N = 50000
 EVENT FD = 5
 ON RENTRE DANS READ_REMAINING_BODY
N = 50000
 EVENT FD = 5
 ON RENTRE DANS READ_REMAINING_BODY
N = 50000
 EVENT FD = 5
 ON RENTRE DANS READ_REMAINING_BODY
N = 50000
 EVENT FD = 5
 ON RENTRE DANS READ_REMAINING_BODY
N = 50000
 EVENT FD = 5
 ON RENTRE DANS READ_REMAINING_BODY
N = 50000
 EVENT FD = 5
 ON RENTRE DANS READ_REMAINING_BODY
N = 50000
 EVENT FD = 5
 ON RENTRE DANS READ_REMAINING_BODY
N = 50000
 EVENT FD = 5
 ON RENTRE DANS READ_REMAINING_BODY
N = 50000
 EVENT FD = 5
 ON RENTRE DANS READ_REMAINING_BODY
N = 50000
 EVENT FD = 5
 ON RENTRE DANS READ_REMAINING_BODY
N = 50000
 EVENT FD = 5
 ON RENTRE DANS READ_REMAINING_BODY
N = 50000
 EVENT FD = 5
 ON RENTRE DANS READ_REMAINING_BODY
N = 50000
 EVENT FD = 5
 ON RENTRE DANS READ_REMAINING_BODY
N = 50000
 EVENT FD = 5
 ON RENTRE DANS READ_REMAINING_BODY
N = 50000
 EVENT FD = 5
 ON RENTRE DANS READ_REMAINING_BODY
N = 50000
 EVENT FD = 5
 ON RENTRE DANS READ_REMAINING_BODY
N = 50000
 EVENT FD = 5
 ON RENTRE DANS READ_REMAINING_BODY
N = 50000
 EVENT FD = 5
 ON RENTRE DANS READ_REMAINING_BODY
N = 50000
 EVENT FD = 5
 ON RENTRE DANS READ_REMAINING_BODY
N = 50000
 EVENT FD = 5
 ON RENTRE DANS READ_REMAINING_BODY
N = 50000
 EVENT FD = 5
 ON RENTRE DANS READ_REMAINING_BODY
N = 50000
 EVENT FD = 5
 ON RENTRE DANS READ_REMAINING_BODY
N = 50000
 EVENT FD = 5
 ON RENTRE DANS READ_REMAINING_BODY
N = 50000
 EVENT FD = 5
 ON RENTRE DANS READ_REMAINING_BODY
N = 50000
 EVENT FD = 5
 ON RENTRE DANS READ_REMAINING_BODY
N = 50000
 EVENT FD = 5
 ON RENTRE DANS READ_REMAINING_BODY
N = 50000
 EVENT FD = 5
 ON RENTRE DANS READ_REMAINING_BODY
N = 50000
 EVENT FD = 5
 ON RENTRE DANS READ_REMAINING_BODY
N = 50000
 EVENT FD = 5
 ON RENTRE DANS READ_REMAINING_BODY
N = 50000
 EVENT FD = 5
 ON RENTRE DANS READ_REMAINING_BODY
N = 50000
 EVENT FD = 5
 ON RENTRE DANS READ_REMAINING_BODY
N = 50000
 EVENT FD = 5
 ON RENTRE DANS READ_REMAINING_BODY
N = 50000
 EVENT FD = 5
 ON RENTRE DANS READ_REMAINING_BODY
N = 50000
 EVENT FD = 5
 ON RENTRE DANS READ_REMAINING_BODY
N = 50000
 EVENT FD = 5
 ON RENTRE DANS READ_REMAINING_BODY
N = 50000
 EVENT FD = 5
 ON RENTRE DANS READ_REMAINING_BODY
N = 50000
 EVENT FD = 5
 ON RENTRE DANS READ_REMAINING_BODY
N = 50000
 EVENT FD = 5
 ON RENTRE DANS READ_REMAINING_BODY
N = 50000
 EVENT FD = 5
 ON RENTRE DANS READ_REMAINING_BODY
N = 7244
 EVENT FD = 5
N = 564
------------------------------
GET /download-successful.html HTTP/1.1
------------------------------
HTTP/1.1 200 OK
 EVENT FD = 6
N = 464
------------------------------
GET /css/style.css HTTP/1.1
------------------------------
HTTP/1.1 200 OK
 EVENT FD = 7
N = 430
------------------------------
GET /color.js HTTP/1.1
------------------------------
HTTP/1.1 200 OK
 EVENT FD = 6
N = 429
------------------------------
GET /menu.js HTTP/1.1
------------------------------
HTTP/1.1 200 OK
 EVENT FD = 7
N = 432
------------------------------
GET /welcome.js HTTP/1.1
------------------------------
HTTP/1.1 200 OK
 EVENT FD = 6
N = 441
------------------------------
GET /nav.html HTTP/1.1
------------------------------
HTTP/1.1 200 OK
ON FERME LE SERVEUR
